# JRE version: OpenJDK Runtime Environment (8.0_152-b01) (build 1.8.0_152-release-1248-b01)
# Java VM: OpenJDK 64-Bit Server VM (25.152-b01 mixed mode windows-amd64 compressed oops)
Heap:
 PSYoungGen      total 465408K, used 413307K [0x00000000e0000000, 0x0000000100000000, 0x0000000100000000)
  eden space 406528K, 100% used [0x00000000e0000000,0x00000000f8d00000,0x00000000f8d00000)
  from space 58880K, 11% used [0x00000000f8d00000,0x00000000f939ef80,0x00000000fc680000)
  to   space 56832K, 99% used [0x00000000fc880000,0x00000000ffffe908,0x0000000100000000)
 ParOldGen       total 206848K, used 179786K [0x00000000a0000000, 0x00000000aca00000, 0x00000000e0000000)
  object space 206848K, 86% used [0x00000000a0000000,0x00000000aaf928d8,0x00000000aca00000)
 Metaspace       used 91588K, capacity 95342K, committed 95488K, reserved 1132544K
  class space    used 11401K, capacity 12206K, committed 12288K, reserved 1048576K
GC Heap History (10 events):
Event: 4340.450 GC heap after
Heap after GC invocations=41 (full 4):
 PSYoungGen      total 461824K, used 24608K [0x00000000e0000000, 0x0000000100000000, 0x0000000100000000)
  eden space 408064K, 0% used [0x00000000e0000000,0x00000000e0000000,0x00000000f8e80000)
  from space 53760K, 45% used [0x00000000f8e80000,0x00000000fa688388,0x00000000fc300000)
  to   space 53248K, 0% used [0x00000000fcc00000,0x00000000fcc00000,0x0000000100000000)
 ParOldGen       total 206848K, used 64682K [0x00000000a0000000, 0x00000000aca00000, 0x00000000e0000000)
  object space 206848K, 31% used [0x00000000a0000000,0x00000000a3f2aa70,0x00000000aca00000)
 Metaspace       used 86688K, capacity 89848K, committed 90112K, reserved 1128448K
  class space    used 10838K, capacity 11497K, committed 11520K, reserved 1048576K
}
Event: 4340.522 GC heap before
{Heap before GC invocations=42 (full 4):
 PSYoungGen      total 461824K, used 432045K [0x00000000e0000000, 0x0000000100000000, 0x0000000100000000)
  eden space 408064K, 99% used [0x00000000e0000000,0x00000000f8de30d0,0x00000000f8e80000)
  from space 53760K, 45% used [0x00000000f8e80000,0x00000000fa688388,0x00000000fc300000)
  to   space 53248K, 0% used [0x00000000fcc00000,0x00000000fcc00000,0x0000000100000000)
 ParOldGen       total 206848K, used 64682K [0x00000000a0000000, 0x00000000aca00000, 0x00000000e0000000)
  object space 206848K, 31% used [0x00000000a0000000,0x00000000a3f2aa70,0x00000000aca00000)
 Metaspace       used 86689K, capacity 89848K, committed 90112K, reserved 1128448K
  class space    used 10838K, capacity 11497K, committed 11520K, reserved 1048576K
Event: 4340.528 GC heap after
Heap after GC invocations=42 (full 4):
 PSYoungGen      total 467968K, used 96K [0x00000000e0000000, 0x00000000ffd80000, 0x0000000100000000)
  eden space 417280K, 0% used [0x00000000e0000000,0x00000000e0000000,0x00000000f9780000)
  from space 50688K, 0% used [0x00000000fcc00000,0x00000000fcc18000,0x00000000ffd80000)
  to   space 52224K, 0% used [0x00000000f9780000,0x00000000f9780000,0x00000000fca80000)
 ParOldGen       total 206848K, used 87074K [0x00000000a0000000, 0x00000000aca00000, 0x00000000e0000000)
  object space 206848K, 42% used [0x00000000a0000000,0x00000000a5508870,0x00000000aca00000)
 Metaspace       used 86689K, capacity 89848K, committed 90112K, reserved 1128448K
  class space    used 10838K, capacity 11497K, committed 11520K, reserved 1048576K
}
Event: 13966.175 GC heap before
{Heap before GC invocations=43 (full 4):
 PSYoungGen      total 467968K, used 417376K [0x00000000e0000000, 0x00000000ffd80000, 0x0000000100000000)
  eden space 417280K, 100% used [0x00000000e0000000,0x00000000f9780000,0x00000000f9780000)
  from space 50688K, 0% used [0x00000000fcc00000,0x00000000fcc18000,0x00000000ffd80000)
  to   space 52224K, 0% used [0x00000000f9780000,0x00000000f9780000,0x00000000fca80000)
 ParOldGen       total 206848K, used 87074K [0x00000000a0000000, 0x00000000aca00000, 0x00000000e0000000)
  object space 206848K, 42% used [0x00000000a0000000,0x00000000a5508870,0x00000000aca00000)
 Metaspace       used 89206K, capacity 92798K, committed 92928K, reserved 1130496K
  class space    used 11210K, capacity 11928K, committed 12032K, reserved 1048576K
Event: 13966.444 GC heap after
Heap after GC invocations=43 (full 4):
 PSYoungGen      total 469504K, used 8432K [0x00000000e0000000, 0x00000000ffc80000, 0x0000000100000000)
  eden space 417280K, 0% used [0x00000000e0000000,0x00000000e0000000,0x00000000f9780000)
  from space 52224K, 16% used [0x00000000f9780000,0x00000000f9fbc130,0x00000000fca80000)
  to   space 49664K, 0% used [0x00000000fcc00000,0x00000000fcc00000,0x00000000ffc80000)
 ParOldGen       total 206848K, used 87130K [0x00000000a0000000, 0x00000000aca00000, 0x00000000e0000000)
  object space 206848K, 42% used [0x00000000a0000000,0x00000000a5516870,0x00000000aca00000)
 Metaspace       used 89206K, capacity 92798K, committed 92928K, reserved 1130496K
  class space    used 11210K, capacity 11928K, committed 12032K, reserved 1048576K
}
Event: 13989.188 GC heap before
{Heap before GC invocations=44 (full 4):
 PSYoungGen      total 469504K, used 425712K [0x00000000e0000000, 0x00000000ffc80000, 0x0000000100000000)
  eden space 417280K, 100% used [0x00000000e0000000,0x00000000f9780000,0x00000000f9780000)
  from space 52224K, 16% used [0x00000000f9780000,0x00000000f9fbc130,0x00000000fca80000)
  to   space 49664K, 0% used [0x00000000fcc00000,0x00000000fcc00000,0x00000000ffc80000)
 ParOldGen       total 206848K, used 87130K [0x00000000a0000000, 0x00000000aca00000, 0x00000000e0000000)
  object space 206848K, 42% used [0x00000000a0000000,0x00000000a5516870,0x00000000aca00000)
 Metaspace       used 89790K, capacity 93402K, committed 93440K, reserved 1130496K
  class space    used 11252K, capacity 12002K, committed 12032K, reserved 1048576K
Event: 13989.325 GC heap after
Heap after GC invocations=44 (full 4):
 PSYoungGen      total 456192K, used 48715K [0x00000000e0000000, 0x0000000100000000, 0x0000000100000000)
  eden space 406528K, 0% used [0x00000000e0000000,0x00000000e0000000,0x00000000f8d00000)
  from space 49664K, 98% used [0x00000000fcc00000,0x00000000ffb92c88,0x00000000ffc80000)
  to   space 58880K, 0% used [0x00000000f8d00000,0x00000000f8d00000,0x00000000fc680000)
 ParOldGen       total 206848K, used 93013K [0x00000000a0000000, 0x00000000aca00000, 0x00000000e0000000)
  object space 206848K, 44% used [0x00000000a0000000,0x00000000a5ad54f0,0x00000000aca00000)
 Metaspace       used 89790K, capacity 93402K, committed 93440K, reserved 1130496K
  class space    used 11252K, capacity 12002K, committed 12032K, reserved 1048576K
}
Event: 17973.054 GC heap before
{Heap before GC invocations=45 (full 4):
 PSYoungGen      total 456192K, used 455243K [0x00000000e0000000, 0x0000000100000000, 0x0000000100000000)
  eden space 406528K, 100% used [0x00000000e0000000,0x00000000f8d00000,0x00000000f8d00000)
  from space 49664K, 98% used [0x00000000fcc00000,0x00000000ffb92c88,0x00000000ffc80000)
  to   space 58880K, 0% used [0x00000000f8d00000,0x00000000f8d00000,0x00000000fc680000)
 ParOldGen       total 206848K, used 93013K [0x00000000a0000000, 0x00000000aca00000, 0x00000000e0000000)
  object space 206848K, 44% used [0x00000000a0000000,0x00000000a5ad54f0,0x00000000aca00000)
 Metaspace       used 90720K, capacity 94384K, committed 94592K, reserved 1132544K
  class space    used 11323K, capacity 12099K, committed 12160K, reserved 1048576K
Event: 17973.105 GC heap after
Heap after GC invocations=45 (full 4):
 PSYoungGen      total 465408K, used 6779K [0x00000000e0000000, 0x0000000100000000, 0x0000000100000000)
  eden space 406528K, 0% used [0x00000000e0000000,0x00000000e0000000,0x00000000f8d00000)
  from space 58880K, 11% used [0x00000000f8d00000,0x00000000f939ef80,0x00000000fc680000)
  to   space 56832K, 0% used [0x00000000fc880000,0x00000000fc880000,0x0000000100000000)
 ParOldGen       total 206848K, used 97332K [0x00000000a0000000, 0x00000000aca00000, 0x00000000e0000000)
  object space 206848K, 47% used [0x00000000a0000000,0x00000000a5f0d2c8,0x00000000aca00000)
 Metaspace       used 90720K, capacity 94384K, committed 94592K, reserved 1132544K
  class space    used 11323K, capacity 12099K, committed 12160K, reserved 1048576K
}
Event: 17987.969 GC heap before
{Heap before GC invocations=46 (full 4):
 PSYoungGen      total 465408K, used 413307K [0x00000000e0000000, 0x0000000100000000, 0x0000000100000000)
  eden space 406528K, 100% used [0x00000000e0000000,0x00000000f8d00000,0x00000000f8d00000)
  from space 58880K, 11% used [0x00000000f8d00000,0x00000000f939ef80,0x00000000fc680000)
  to   space 56832K, 0% used [0x00000000fc880000,0x00000000fc880000,0x0000000100000000)
 ParOldGen       total 206848K, used 97332K [0x00000000a0000000, 0x00000000aca00000, 0x00000000e0000000)
  object space 206848K, 47% used [0x00000000a0000000,0x00000000a5f0d2c8,0x00000000aca00000)
 Metaspace       used 91588K, capacity 95342K, committed 95488K, reserved 1132544K
  class space    used 11401K, capacity 12206K, committed 12288K, reserved 1048576K

