# JRE version: OpenJDK Runtime Environment (8.0_152-b01) (build 1.8.0_152-release-1248-b01)
# Java VM: OpenJDK 64-Bit Server VM (25.152-b01 mixed mode windows-amd64 compressed oops)
Heap:
 PSYoungGen      total 356352K, used 296254K [0x00000000e0000000, 0x00000000ff780000, 0x0000000100000000)
  eden space 214528K, 100% used [0x00000000e0000000,0x00000000ed180000,0x00000000ed180000)
  from space 141824K, 57% used [0x00000000f6d00000,0x00000000fbccfab8,0x00000000ff780000)
  to   space 150528K, 68% used [0x00000000ed180000,0x00000000f3699b88,0x00000000f6480000)
 ParOldGen       total 626688K, used 421687K [0x00000000a0000000, 0x00000000c6400000, 0x00000000e0000000)
  object space 626688K, 67% used [0x00000000a0000000,0x00000000b9bcdd20,0x00000000c6400000)
 Metaspace       used 91848K, capacity 96072K, committed 98992K, reserved 1136640K
  class space    used 11414K, capacity 12259K, committed 12720K, reserved 1048576K
GC Heap History (10 events):
Event: 1303.596 GC heap after
Heap after GC invocations=35 (full 4):
 PSYoungGen      total 396288K, used 127979K [0x00000000e0000000, 0x0000000100000000, 0x0000000100000000)
  eden space 268288K, 0% used [0x00000000e0000000,0x00000000e0000000,0x00000000f0600000)
  from space 128000K, 99% used [0x00000000f0600000,0x00000000f82fae10,0x00000000f8300000)
  to   space 128000K, 0% used [0x00000000f8300000,0x00000000f8300000,0x0000000100000000)
 ParOldGen       total 200704K, used 151497K [0x00000000a0000000, 0x00000000ac400000, 0x00000000e0000000)
  object space 200704K, 75% used [0x00000000a0000000,0x00000000a93f2748,0x00000000ac400000)
 Metaspace       used 92577K, capacity 96366K, committed 96688K, reserved 1134592K
  class space    used 11499K, capacity 12346K, committed 12464K, reserved 1048576K
}
Event: 1446.506 GC heap before
{Heap before GC invocations=36 (full 4):
 PSYoungGen      total 396288K, used 396267K [0x00000000e0000000, 0x0000000100000000, 0x0000000100000000)
  eden space 268288K, 100% used [0x00000000e0000000,0x00000000f0600000,0x00000000f0600000)
  from space 128000K, 99% used [0x00000000f0600000,0x00000000f82fae10,0x00000000f8300000)
  to   space 128000K, 0% used [0x00000000f8300000,0x00000000f8300000,0x0000000100000000)
 ParOldGen       total 200704K, used 151497K [0x00000000a0000000, 0x00000000ac400000, 0x00000000e0000000)
  object space 200704K, 75% used [0x00000000a0000000,0x00000000a93f2748,0x00000000ac400000)
 Metaspace       used 94138K, capacity 98494K, committed 98608K, reserved 1134592K
  class space    used 11665K, capacity 12586K, committed 12592K, reserved 1048576K
Event: 1446.778 GC heap after
Heap after GC invocations=36 (full 4):
 PSYoungGen      total 333824K, used 93315K [0x00000000e0000000, 0x0000000100000000, 0x0000000100000000)
  eden space 205824K, 0% used [0x00000000e0000000,0x00000000e0000000,0x00000000ec900000)
  from space 128000K, 72% used [0x00000000f8300000,0x00000000fde20f48,0x0000000100000000)
  to   space 159232K, 0% used [0x00000000ec900000,0x00000000ec900000,0x00000000f6480000)
 ParOldGen       total 200704K, used 198629K [0x00000000a0000000, 0x00000000ac400000, 0x00000000e0000000)
  object space 200704K, 98% used [0x00000000a0000000,0x00000000ac1f96d0,0x00000000ac400000)
 Metaspace       used 94138K, capacity 98494K, committed 98608K, reserved 1134592K
  class space    used 11665K, capacity 12586K, committed 12592K, reserved 1048576K
}
Event: 1446.778 GC heap before
{Heap before GC invocations=37 (full 5):
 PSYoungGen      total 333824K, used 93315K [0x00000000e0000000, 0x0000000100000000, 0x0000000100000000)
  eden space 205824K, 0% used [0x00000000e0000000,0x00000000e0000000,0x00000000ec900000)
  from space 128000K, 72% used [0x00000000f8300000,0x00000000fde20f48,0x0000000100000000)
  to   space 159232K, 0% used [0x00000000ec900000,0x00000000ec900000,0x00000000f6480000)
 ParOldGen       total 200704K, used 198629K [0x00000000a0000000, 0x00000000ac400000, 0x00000000e0000000)
  object space 200704K, 98% used [0x00000000a0000000,0x00000000ac1f96d0,0x00000000ac400000)
 Metaspace       used 94138K, capacity 98494K, committed 98608K, reserved 1134592K
  class space    used 11665K, capacity 12586K, committed 12592K, reserved 1048576K
Event: 1447.155 GC heap after
Heap after GC invocations=37 (full 5):
 PSYoungGen      total 333824K, used 0K [0x00000000e0000000, 0x0000000100000000, 0x0000000100000000)
  eden space 205824K, 0% used [0x00000000e0000000,0x00000000e0000000,0x00000000ec900000)
  from space 128000K, 0% used [0x00000000f8300000,0x00000000f8300000,0x0000000100000000)
  to   space 159232K, 0% used [0x00000000ec900000,0x00000000ec900000,0x00000000f6480000)
 ParOldGen       total 267776K, used 62885K [0x00000000a0000000, 0x00000000b0580000, 0x00000000e0000000)
  object space 267776K, 23% used [0x00000000a0000000,0x00000000a3d695a8,0x00000000b0580000)
 Metaspace       used 90394K, capacity 94370K, committed 98608K, reserved 1134592K
  class space    used 11276K, capacity 12050K, committed 12592K, reserved 1048576K
}
Event: 1451.052 GC heap before
{Heap before GC invocations=38 (full 5):
 PSYoungGen      total 333824K, used 205824K [0x00000000e0000000, 0x0000000100000000, 0x0000000100000000)
  eden space 205824K, 100% used [0x00000000e0000000,0x00000000ec900000,0x00000000ec900000)
  from space 128000K, 0% used [0x00000000f8300000,0x00000000f8300000,0x0000000100000000)
  to   space 159232K, 0% used [0x00000000ec900000,0x00000000ec900000,0x00000000f6480000)
 ParOldGen       total 267776K, used 62885K [0x00000000a0000000, 0x00000000b0580000, 0x00000000e0000000)
  object space 267776K, 23% used [0x00000000a0000000,0x00000000a3d695a8,0x00000000b0580000)
 Metaspace       used 91004K, capacity 95016K, committed 98608K, reserved 1134592K
  class space    used 11338K, capacity 12115K, committed 12592K, reserved 1048576K
Event: 1451.099 GC heap after
Heap after GC invocations=38 (full 5):
 PSYoungGen      total 365056K, used 47916K [0x00000000e0000000, 0x0000000100000000, 0x0000000100000000)
  eden space 205824K, 0% used [0x00000000e0000000,0x00000000e0000000,0x00000000ec900000)
  from space 159232K, 30% used [0x00000000ec900000,0x00000000ef7cb1b8,0x00000000f6480000)
  to   space 150528K, 0% used [0x00000000f6d00000,0x00000000f6d00000,0x0000000100000000)
 ParOldGen       total 267776K, used 62885K [0x00000000a0000000, 0x00000000b0580000, 0x00000000e0000000)
  object space 267776K, 23% used [0x00000000a0000000,0x00000000a3d695a8,0x00000000b0580000)
 Metaspace       used 91004K, capacity 95016K, committed 98608K, reserved 1134592K
  class space    used 11338K, capacity 12115K, committed 12592K, reserved 1048576K
}
Event: 1592.964 GC heap before
{Heap before GC invocations=39 (full 5):
 PSYoungGen      total 365056K, used 253740K [0x00000000e0000000, 0x0000000100000000, 0x0000000100000000)
  eden space 205824K, 100% used [0x00000000e0000000,0x00000000ec900000,0x00000000ec900000)
  from space 159232K, 30% used [0x00000000ec900000,0x00000000ef7cb1b8,0x00000000f6480000)
  to   space 150528K, 0% used [0x00000000f6d00000,0x00000000f6d00000,0x0000000100000000)
 ParOldGen       total 267776K, used 62885K [0x00000000a0000000, 0x00000000b0580000, 0x00000000e0000000)
  object space 267776K, 23% used [0x00000000a0000000,0x00000000a3d695a8,0x00000000b0580000)
 Metaspace       used 91458K, capacity 95634K, committed 98992K, reserved 1136640K
  class space    used 11376K, capacity 12218K, committed 12720K, reserved 1048576K
Event: 1593.054 GC heap after
Heap after GC invocations=39 (full 5):
 PSYoungGen      total 356352K, used 81726K [0x00000000e0000000, 0x00000000ff780000, 0x0000000100000000)
  eden space 214528K, 0% used [0x00000000e0000000,0x00000000e0000000,0x00000000ed180000)
  from space 141824K, 57% used [0x00000000f6d00000,0x00000000fbccfab8,0x00000000ff780000)
  to   space 150528K, 0% used [0x00000000ed180000,0x00000000ed180000,0x00000000f6480000)
 ParOldGen       total 267776K, used 62893K [0x00000000a0000000, 0x00000000b0580000, 0x00000000e0000000)
  object space 267776K, 23% used [0x00000000a0000000,0x00000000a3d6b5a8,0x00000000b0580000)
 Metaspace       used 91458K, capacity 95634K, committed 98992K, reserved 1136640K
  class space    used 11376K, capacity 12218K, committed 12720K, reserved 1048576K
}
Event: 1610.911 GC heap before
{Heap before GC invocations=40 (full 5):
 PSYoungGen      total 356352K, used 296254K [0x00000000e0000000, 0x00000000ff780000, 0x0000000100000000)
  eden space 214528K, 100% used [0x00000000e0000000,0x00000000ed180000,0x00000000ed180000)
  from space 141824K, 57% used [0x00000000f6d00000,0x00000000fbccfab8,0x00000000ff780000)
  to   space 150528K, 0% used [0x00000000ed180000,0x00000000ed180000,0x00000000f6480000)
 ParOldGen       total 267776K, used 62893K [0x00000000a0000000, 0x00000000b0580000, 0x00000000e0000000)
  object space 267776K, 23% used [0x00000000a0000000,0x00000000a3d6b5a8,0x00000000b0580000)
 Metaspace       used 91848K, capacity 96072K, committed 98992K, reserved 1136640K
  class space    used 11414K, capacity 12259K, committed 12720K, reserved 1048576K

