# JRE version: OpenJDK Runtime Environment (8.0_152-b01) (build 1.8.0_152-release-1248-b01)
# Java VM: OpenJDK 64-Bit Server VM (25.152-b01 mixed mode windows-amd64 compressed oops)
Heap:
 PSYoungGen      total 452608K, used 152159K [0x00000000e0000000, 0x00000000ffd00000, 0x0000000100000000)
  eden space 387072K, 38% used [0x00000000e0000000,0x00000000e9069d90,0x00000000f7a00000)
  from space 65536K, 6% used [0x00000000fbd00000,0x00000000fc12e258,0x00000000ffd00000)
  to   space 67072K, 0% used [0x00000000f7a00000,0x00000000f7a00000,0x00000000fbb80000)
 ParOldGen       total 235008K, used 166733K [0x00000000a0000000, 0x00000000ae580000, 0x00000000e0000000)
  object space 235008K, 70% used [0x00000000a0000000,0x00000000aa2d3780,0x00000000ae580000)
 Metaspace       used 101568K, capacity 104858K, committed 105216K, reserved 1140736K
  class space    used 12553K, capacity 13205K, committed 13312K, reserved 1048576K
GC Heap History (10 events):
Event: 4254.318 GC heap before
{Heap before GC invocations=40 (full 6):
 PSYoungGen      total 451584K, used 44027K [0x00000000e0000000, 0x0000000100000000, 0x0000000100000000)
  eden space 407552K, 0% used [0x00000000e0000000,0x00000000e0000000,0x00000000f8e00000)
  from space 44032K, 99% used [0x00000000fd500000,0x00000000ffffeef0,0x0000000100000000)
  to   space 58368K, 0% used [0x00000000f8e00000,0x00000000f8e00000,0x00000000fc700000)
 ParOldGen       total 198656K, used 177719K [0x00000000a0000000, 0x00000000ac200000, 0x00000000e0000000)
  object space 198656K, 89% used [0x00000000a0000000,0x00000000aad8dfa0,0x00000000ac200000)
 Metaspace       used 98762K, capacity 101966K, committed 102272K, reserved 1138688K
  class space    used 12179K, capacity 12854K, committed 12928K, reserved 1048576K
Event: 4254.894 GC heap after
Heap after GC invocations=40 (full 6):
 PSYoungGen      total 451584K, used 0K [0x00000000e0000000, 0x0000000100000000, 0x0000000100000000)
  eden space 407552K, 0% used [0x00000000e0000000,0x00000000e0000000,0x00000000f8e00000)
  from space 44032K, 0% used [0x00000000fd500000,0x00000000fd500000,0x0000000100000000)
  to   space 58368K, 0% used [0x00000000f8e00000,0x00000000f8e00000,0x00000000fc700000)
 ParOldGen       total 235008K, used 108417K [0x00000000a0000000, 0x00000000ae580000, 0x00000000e0000000)
  object space 235008K, 46% used [0x00000000a0000000,0x00000000a69e06c0,0x00000000ae580000)
 Metaspace       used 98323K, capacity 101210K, committed 102272K, reserved 1138688K
  class space    used 12087K, capacity 12708K, committed 12928K, reserved 1048576K
}
Event: 4260.039 GC heap before
{Heap before GC invocations=41 (full 6):
 PSYoungGen      total 451584K, used 407552K [0x00000000e0000000, 0x0000000100000000, 0x0000000100000000)
  eden space 407552K, 100% used [0x00000000e0000000,0x00000000f8e00000,0x00000000f8e00000)
  from space 44032K, 0% used [0x00000000fd500000,0x00000000fd500000,0x0000000100000000)
  to   space 58368K, 0% used [0x00000000f8e00000,0x00000000f8e00000,0x00000000fc700000)
 ParOldGen       total 235008K, used 108417K [0x00000000a0000000, 0x00000000ae580000, 0x00000000e0000000)
  object space 235008K, 46% used [0x00000000a0000000,0x00000000a69e06c0,0x00000000ae580000)
 Metaspace       used 98448K, capacity 101356K, committed 102272K, reserved 1138688K
  class space    used 12094K, capacity 12713K, committed 12928K, reserved 1048576K
Event: 4260.149 GC heap after
Heap after GC invocations=41 (full 6):
 PSYoungGen      total 465920K, used 58350K [0x00000000e0000000, 0x0000000100000000, 0x0000000100000000)
  eden space 407552K, 0% used [0x00000000e0000000,0x00000000e0000000,0x00000000f8e00000)
  from space 58368K, 99% used [0x00000000f8e00000,0x00000000fc6fb8c8,0x00000000fc700000)
  to   space 58368K, 0% used [0x00000000fc700000,0x00000000fc700000,0x0000000100000000)
 ParOldGen       total 235008K, used 119068K [0x00000000a0000000, 0x00000000ae580000, 0x00000000e0000000)
  object space 235008K, 50% used [0x00000000a0000000,0x00000000a74473f0,0x00000000ae580000)
 Metaspace       used 98448K, capacity 101356K, committed 102272K, reserved 1138688K
  class space    used 12094K, capacity 12713K, committed 12928K, reserved 1048576K
}
Event: 4265.976 GC heap before
{Heap before GC invocations=42 (full 6):
 PSYoungGen      total 465920K, used 465094K [0x00000000e0000000, 0x0000000100000000, 0x0000000100000000)
  eden space 407552K, 99% used [0x00000000e0000000,0x00000000f8d36110,0x00000000f8e00000)
  from space 58368K, 99% used [0x00000000f8e00000,0x00000000fc6fb8c8,0x00000000fc700000)
  to   space 58368K, 0% used [0x00000000fc700000,0x00000000fc700000,0x0000000100000000)
 ParOldGen       total 235008K, used 119068K [0x00000000a0000000, 0x00000000ae580000, 0x00000000e0000000)
  object space 235008K, 50% used [0x00000000a0000000,0x00000000a74473f0,0x00000000ae580000)
 Metaspace       used 99059K, capacity 101940K, committed 102528K, reserved 1138688K
  class space    used 12167K, capacity 12791K, committed 12928K, reserved 1048576K
Event: 4266.031 GC heap after
Heap after GC invocations=42 (full 6):
 PSYoungGen      total 445440K, used 26493K [0x00000000e0000000, 0x0000000100000000, 0x0000000100000000)
  eden space 387072K, 0% used [0x00000000e0000000,0x00000000e0000000,0x00000000f7a00000)
  from space 58368K, 45% used [0x00000000fc700000,0x00000000fe0df4d0,0x0000000100000000)
  to   space 68608K, 0% used [0x00000000f7a00000,0x00000000f7a00000,0x00000000fbd00000)
 ParOldGen       total 235008K, used 149556K [0x00000000a0000000, 0x00000000ae580000, 0x00000000e0000000)
  object space 235008K, 63% used [0x00000000a0000000,0x00000000a920d3a8,0x00000000ae580000)
 Metaspace       used 99059K, capacity 101940K, committed 102528K, reserved 1138688K
  class space    used 12167K, capacity 12791K, committed 12928K, reserved 1048576K
}
Event: 4266.094 GC heap before
{Heap before GC invocations=43 (full 6):
 PSYoungGen      total 445440K, used 412866K [0x00000000e0000000, 0x0000000100000000, 0x0000000100000000)
  eden space 387072K, 99% used [0x00000000e0000000,0x00000000f7951548,0x00000000f7a00000)
  from space 58368K, 45% used [0x00000000fc700000,0x00000000fe0df4d0,0x0000000100000000)
  to   space 68608K, 0% used [0x00000000f7a00000,0x00000000f7a00000,0x00000000fbd00000)
 ParOldGen       total 235008K, used 149556K [0x00000000a0000000, 0x00000000ae580000, 0x00000000e0000000)
  object space 235008K, 63% used [0x00000000a0000000,0x00000000a920d3a8,0x00000000ae580000)
 Metaspace       used 99061K, capacity 101940K, committed 102528K, reserved 1138688K
  class space    used 12167K, capacity 12791K, committed 12928K, reserved 1048576K
Event: 4266.101 GC heap after
Heap after GC invocations=43 (full 6):
 PSYoungGen      total 455680K, used 96K [0x00000000e0000000, 0x0000000100000000, 0x0000000100000000)
  eden space 387072K, 0% used [0x00000000e0000000,0x00000000e0000000,0x00000000f7a00000)
  from space 68608K, 0% used [0x00000000f7a00000,0x00000000f7a18000,0x00000000fbd00000)
  to   space 68608K, 0% used [0x00000000fbd00000,0x00000000fbd00000,0x0000000100000000)
 ParOldGen       total 235008K, used 166693K [0x00000000a0000000, 0x00000000ae580000, 0x00000000e0000000)
  object space 235008K, 70% used [0x00000000a0000000,0x00000000aa2c9780,0x00000000ae580000)
 Metaspace       used 99061K, capacity 101940K, committed 102528K, reserved 1138688K
  class space    used 12167K, capacity 12791K, committed 12928K, reserved 1048576K
}
Event: 4573.232 GC heap before
{Heap before GC invocations=44 (full 6):
 PSYoungGen      total 455680K, used 387168K [0x00000000e0000000, 0x0000000100000000, 0x0000000100000000)
  eden space 387072K, 100% used [0x00000000e0000000,0x00000000f7a00000,0x00000000f7a00000)
  from space 68608K, 0% used [0x00000000f7a00000,0x00000000f7a18000,0x00000000fbd00000)
  to   space 68608K, 0% used [0x00000000fbd00000,0x00000000fbd00000,0x0000000100000000)
 ParOldGen       total 235008K, used 166693K [0x00000000a0000000, 0x00000000ae580000, 0x00000000e0000000)
  object space 235008K, 70% used [0x00000000a0000000,0x00000000aa2c9780,0x00000000ae580000)
 Metaspace       used 101169K, capacity 104438K, committed 104704K, reserved 1140736K
  class space    used 12524K, capacity 13199K, committed 13312K, reserved 1048576K
Event: 4573.249 GC heap after
Heap after GC invocations=44 (full 6):
 PSYoungGen      total 452608K, used 4280K [0x00000000e0000000, 0x00000000ffd00000, 0x0000000100000000)
  eden space 387072K, 0% used [0x00000000e0000000,0x00000000e0000000,0x00000000f7a00000)
  from space 65536K, 6% used [0x00000000fbd00000,0x00000000fc12e258,0x00000000ffd00000)
  to   space 67072K, 0% used [0x00000000f7a00000,0x00000000f7a00000,0x00000000fbb80000)
 ParOldGen       total 235008K, used 166733K [0x00000000a0000000, 0x00000000ae580000, 0x00000000e0000000)
  object space 235008K, 70% used [0x00000000a0000000,0x00000000aa2d3780,0x00000000ae580000)
 Metaspace       used 101169K, capacity 104438K, committed 104704K, reserved 1140736K
  class space    used 12524K, capacity 13199K, committed 13312K, reserved 1048576K
}

