# JRE version: OpenJDK Runtime Environment (8.0_152-b01) (build 1.8.0_152-release-1248-b01)
# Java VM: OpenJDK 64-Bit Server VM (25.152-b01 mixed mode windows-amd64 compressed oops)
Heap:
 PSYoungGen      total 457216K, used 457203K [0x00000000e0000000, 0x0000000100000000, 0x0000000100000000)
  eden space 390144K, 100% used [0x00000000e0000000,0x00000000f7d00000,0x00000000f7d00000)
  from space 67072K, 99% used [0x00000000f7d00000,0x00000000fbe7cdf0,0x00000000fbe80000)
  to   space 67072K, 99% used [0x00000000fbe80000,0x00000000ffffcf58,0x0000000100000000)
 ParOldGen       total 241152K, used 131332K [0x00000000a0000000, 0x00000000aeb80000, 0x00000000e0000000)
  object space 241152K, 54% used [0x00000000a0000000,0x00000000a8043140,0x00000000aeb80000)
 Metaspace       used 111722K, capacity 119684K, committed 119984K, reserved 1155072K
  class space    used 13425K, capacity 15203K, committed 15280K, reserved 1048576K
GC Heap History (10 events):
Event: 15012.362 GC heap after
Heap after GC invocations=94 (full 5):
 PSYoungGen      total 377856K, used 37216K [0x00000000e0000000, 0x00000000fd900000, 0x0000000100000000)
  eden space 322560K, 0% used [0x00000000e0000000,0x00000000e0000000,0x00000000f3b00000)
  from space 55296K, 67% used [0x00000000f3b00000,0x00000000f5f580a0,0x00000000f7100000)
  to   space 57344K, 0% used [0x00000000fa100000,0x00000000fa100000,0x00000000fd900000)
 ParOldGen       total 241152K, used 82749K [0x00000000a0000000, 0x00000000aeb80000, 0x00000000e0000000)
  object space 241152K, 34% used [0x00000000a0000000,0x00000000a50cf4b0,0x00000000aeb80000)
 Metaspace       used 108774K, capacity 116432K, committed 116784K, reserved 1150976K
  class space    used 13139K, capacity 14815K, committed 14896K, reserved 1048576K
}
Event: 15576.103 GC heap before
{Heap before GC invocations=95 (full 5):
 PSYoungGen      total 377856K, used 359776K [0x00000000e0000000, 0x00000000fd900000, 0x0000000100000000)
  eden space 322560K, 100% used [0x00000000e0000000,0x00000000f3b00000,0x00000000f3b00000)
  from space 55296K, 67% used [0x00000000f3b00000,0x00000000f5f580a0,0x00000000f7100000)
  to   space 57344K, 0% used [0x00000000fa100000,0x00000000fa100000,0x00000000fd900000)
 ParOldGen       total 241152K, used 82749K [0x00000000a0000000, 0x00000000aeb80000, 0x00000000e0000000)
  object space 241152K, 34% used [0x00000000a0000000,0x00000000a50cf4b0,0x00000000aeb80000)
 Metaspace       used 109227K, capacity 116926K, committed 117040K, reserved 1150976K
  class space    used 13174K, capacity 14848K, committed 14896K, reserved 1048576K
Event: 15576.140 GC heap after
Heap after GC invocations=95 (full 5):
 PSYoungGen      total 416768K, used 8751K [0x00000000e0000000, 0x00000000fd300000, 0x0000000100000000)
  eden space 365568K, 0% used [0x00000000e0000000,0x00000000e0000000,0x00000000f6500000)
  from space 51200K, 17% used [0x00000000fa100000,0x00000000fa98bf28,0x00000000fd300000)
  to   space 56320K, 0% used [0x00000000f6500000,0x00000000f6500000,0x00000000f9c00000)
 ParOldGen       total 241152K, used 82925K [0x00000000a0000000, 0x00000000aeb80000, 0x00000000e0000000)
  object space 241152K, 34% used [0x00000000a0000000,0x00000000a50fb4b0,0x00000000aeb80000)
 Metaspace       used 109227K, capacity 116926K, committed 117040K, reserved 1150976K
  class space    used 13174K, capacity 14848K, committed 14896K, reserved 1048576K
}
Event: 15584.081 GC heap before
{Heap before GC invocations=96 (full 5):
 PSYoungGen      total 416768K, used 374319K [0x00000000e0000000, 0x00000000fd300000, 0x0000000100000000)
  eden space 365568K, 100% used [0x00000000e0000000,0x00000000f6500000,0x00000000f6500000)
  from space 51200K, 17% used [0x00000000fa100000,0x00000000fa98bf28,0x00000000fd300000)
  to   space 56320K, 0% used [0x00000000f6500000,0x00000000f6500000,0x00000000f9c00000)
 ParOldGen       total 241152K, used 82925K [0x00000000a0000000, 0x00000000aeb80000, 0x00000000e0000000)
  object space 241152K, 34% used [0x00000000a0000000,0x00000000a50fb4b0,0x00000000aeb80000)
 Metaspace       used 109980K, capacity 117744K, committed 117936K, reserved 1153024K
  class space    used 13251K, capacity 14953K, committed 15024K, reserved 1048576K
Event: 15584.108 GC heap after
Heap after GC invocations=96 (full 5):
 PSYoungGen      total 421888K, used 9635K [0x00000000e0000000, 0x00000000ffc80000, 0x0000000100000000)
  eden space 365568K, 0% used [0x00000000e0000000,0x00000000e0000000,0x00000000f6500000)
  from space 56320K, 17% used [0x00000000f6500000,0x00000000f6e68cd0,0x00000000f9c00000)
  to   space 55296K, 0% used [0x00000000fc680000,0x00000000fc680000,0x00000000ffc80000)
 ParOldGen       total 241152K, used 83517K [0x00000000a0000000, 0x00000000aeb80000, 0x00000000e0000000)
  object space 241152K, 34% used [0x00000000a0000000,0x00000000a518f4d0,0x00000000aeb80000)
 Metaspace       used 109980K, capacity 117744K, committed 117936K, reserved 1153024K
  class space    used 13251K, capacity 14953K, committed 15024K, reserved 1048576K
}
Event: 15804.536 GC heap before
{Heap before GC invocations=97 (full 5):
 PSYoungGen      total 421888K, used 375203K [0x00000000e0000000, 0x00000000ffc80000, 0x0000000100000000)
  eden space 365568K, 100% used [0x00000000e0000000,0x00000000f6500000,0x00000000f6500000)
  from space 56320K, 17% used [0x00000000f6500000,0x00000000f6e68cd0,0x00000000f9c00000)
  to   space 55296K, 0% used [0x00000000fc680000,0x00000000fc680000,0x00000000ffc80000)
 ParOldGen       total 241152K, used 83517K [0x00000000a0000000, 0x00000000aeb80000, 0x00000000e0000000)
  object space 241152K, 34% used [0x00000000a0000000,0x00000000a518f4d0,0x00000000aeb80000)
 Metaspace       used 110768K, capacity 118690K, committed 118832K, reserved 1153024K
  class space    used 13328K, capacity 15058K, committed 15152K, reserved 1048576K
Event: 15804.659 GC heap after
Heap after GC invocations=97 (full 5):
 PSYoungGen      total 445440K, used 55284K [0x00000000e0000000, 0x0000000100000000, 0x0000000100000000)
  eden space 390144K, 0% used [0x00000000e0000000,0x00000000e0000000,0x00000000f7d00000)
  from space 55296K, 99% used [0x00000000fc680000,0x00000000ffc7d0a8,0x00000000ffc80000)
  to   space 67072K, 0% used [0x00000000f7d00000,0x00000000f7d00000,0x00000000fbe80000)
 ParOldGen       total 241152K, used 90299K [0x00000000a0000000, 0x00000000aeb80000, 0x00000000e0000000)
  object space 241152K, 37% used [0x00000000a0000000,0x00000000a582ef80,0x00000000aeb80000)
 Metaspace       used 110768K, capacity 118690K, committed 118832K, reserved 1153024K
  class space    used 13328K, capacity 15058K, committed 15152K, reserved 1048576K
}
Event: 15917.698 GC heap before
{Heap before GC invocations=98 (full 5):
 PSYoungGen      total 445440K, used 445428K [0x00000000e0000000, 0x0000000100000000, 0x0000000100000000)
  eden space 390144K, 100% used [0x00000000e0000000,0x00000000f7d00000,0x00000000f7d00000)
  from space 55296K, 99% used [0x00000000fc680000,0x00000000ffc7d0a8,0x00000000ffc80000)
  to   space 67072K, 0% used [0x00000000f7d00000,0x00000000f7d00000,0x00000000fbe80000)
 ParOldGen       total 241152K, used 90299K [0x00000000a0000000, 0x00000000aeb80000, 0x00000000e0000000)
  object space 241152K, 37% used [0x00000000a0000000,0x00000000a582ef80,0x00000000aeb80000)
 Metaspace       used 111367K, capacity 119288K, committed 119600K, reserved 1153024K
  class space    used 13398K, capacity 15131K, committed 15152K, reserved 1048576K
Event: 15917.921 GC heap after
Heap after GC invocations=98 (full 5):
 PSYoungGen      total 457216K, used 67059K [0x00000000e0000000, 0x0000000100000000, 0x0000000100000000)
  eden space 390144K, 0% used [0x00000000e0000000,0x00000000e0000000,0x00000000f7d00000)
  from space 67072K, 99% used [0x00000000f7d00000,0x00000000fbe7cdf0,0x00000000fbe80000)
  to   space 67072K, 0% used [0x00000000fbe80000,0x00000000fbe80000,0x0000000100000000)
 ParOldGen       total 241152K, used 131064K [0x00000000a0000000, 0x00000000aeb80000, 0x00000000e0000000)
  object space 241152K, 54% used [0x00000000a0000000,0x00000000a7ffe130,0x00000000aeb80000)
 Metaspace       used 111367K, capacity 119288K, committed 119600K, reserved 1153024K
  class space    used 13398K, capacity 15131K, committed 15152K, reserved 1048576K
}
Event: 21727.019 GC heap before
{Heap before GC invocations=99 (full 5):
 PSYoungGen      total 457216K, used 457203K [0x00000000e0000000, 0x0000000100000000, 0x0000000100000000)
  eden space 390144K, 100% used [0x00000000e0000000,0x00000000f7d00000,0x00000000f7d00000)
  from space 67072K, 99% used [0x00000000f7d00000,0x00000000fbe7cdf0,0x00000000fbe80000)
  to   space 67072K, 0% used [0x00000000fbe80000,0x00000000fbe80000,0x0000000100000000)
 ParOldGen       total 241152K, used 131064K [0x00000000a0000000, 0x00000000aeb80000, 0x00000000e0000000)
  object space 241152K, 54% used [0x00000000a0000000,0x00000000a7ffe130,0x00000000aeb80000)
 Metaspace       used 111722K, capacity 119684K, committed 119984K, reserved 1155072K
  class space    used 13425K, capacity 15203K, committed 15280K, reserved 1048576K

