# JRE version: OpenJDK Runtime Environment (8.0_152-b01) (build 1.8.0_152-release-1248-b01)
# Java VM: OpenJDK 64-Bit Server VM (25.152-b01 mixed mode windows-amd64 compressed oops)
Heap:
 PSYoungGen      total 441344K, used 411651K [0x00000000e0000000, 0x0000000100000000, 0x0000000100000000)
  eden space 365568K, 100% used [0x00000000e0000000,0x00000000f6500000,0x00000000f6500000)
  from space 75776K, 60% used [0x00000000f6500000,0x00000000f9200fa8,0x00000000faf00000)
  to   space 78336K, 65% used [0x00000000fb380000,0x00000000fe5f2a70,0x0000000100000000)
 ParOldGen       total 273920K, used 174547K [0x00000000a0000000, 0x00000000b0b80000, 0x00000000e0000000)
  object space 273920K, 63% used [0x00000000a0000000,0x00000000aaa74ea8,0x00000000b0b80000)
 Metaspace       used 101621K, capacity 108168K, committed 108592K, reserved 1144832K
  class space    used 12435K, capacity 13755K, committed 13872K, reserved 1048576K
GC Heap History (10 events):
Event: 9336.274 GC heap after
Heap after GC invocations=60 (full 5):
 PSYoungGen      total 393216K, used 21242K [0x00000000e0000000, 0x00000000ffb00000, 0x0000000100000000)
  eden space 371712K, 0% used [0x00000000e0000000,0x00000000e0000000,0x00000000f6b00000)
  from space 21504K, 98% used [0x00000000f6b00000,0x00000000f7fbe908,0x00000000f8000000)
  to   space 71680K, 0% used [0x00000000fb500000,0x00000000fb500000,0x00000000ffb00000)
 ParOldGen       total 273920K, used 174523K [0x00000000a0000000, 0x00000000b0b80000, 0x00000000e0000000)
  object space 273920K, 63% used [0x00000000a0000000,0x00000000aaa6eea8,0x00000000b0b80000)
 Metaspace       used 98292K, capacity 103230K, committed 103472K, reserved 1140736K
  class space    used 11998K, capacity 13058K, committed 13104K, reserved 1048576K
}
Event: 9365.220 GC heap before
{Heap before GC invocations=61 (full 5):
 PSYoungGen      total 393216K, used 392954K [0x00000000e0000000, 0x00000000ffb00000, 0x0000000100000000)
  eden space 371712K, 100% used [0x00000000e0000000,0x00000000f6b00000,0x00000000f6b00000)
  from space 21504K, 98% used [0x00000000f6b00000,0x00000000f7fbe908,0x00000000f8000000)
  to   space 71680K, 0% used [0x00000000fb500000,0x00000000fb500000,0x00000000ffb00000)
 ParOldGen       total 273920K, used 174523K [0x00000000a0000000, 0x00000000b0b80000, 0x00000000e0000000)
  object space 273920K, 63% used [0x00000000a0000000,0x00000000aaa6eea8,0x00000000b0b80000)
 Metaspace       used 99079K, capacity 104060K, committed 104368K, reserved 1140736K
  class space    used 12076K, capacity 13165K, committed 13232K, reserved 1048576K
Event: 9365.309 GC heap after
Heap after GC invocations=61 (full 5):
 PSYoungGen      total 433152K, used 63483K [0x00000000e0000000, 0x0000000100000000, 0x0000000100000000)
  eden space 361472K, 0% used [0x00000000e0000000,0x00000000e0000000,0x00000000f6100000)
  from space 71680K, 88% used [0x00000000fb500000,0x00000000ff2fed88,0x00000000ffb00000)
  to   space 81408K, 0% used [0x00000000f6100000,0x00000000f6100000,0x00000000fb080000)
 ParOldGen       total 273920K, used 174531K [0x00000000a0000000, 0x00000000b0b80000, 0x00000000e0000000)
  object space 273920K, 63% used [0x00000000a0000000,0x00000000aaa70ea8,0x00000000b0b80000)
 Metaspace       used 99079K, capacity 104060K, committed 104368K, reserved 1140736K
  class space    used 12076K, capacity 13165K, committed 13232K, reserved 1048576K
}
Event: 9838.322 GC heap before
{Heap before GC invocations=62 (full 5):
 PSYoungGen      total 433152K, used 424914K [0x00000000e0000000, 0x0000000100000000, 0x0000000100000000)
  eden space 361472K, 99% used [0x00000000e0000000,0x00000000f60f5d18,0x00000000f6100000)
  from space 71680K, 88% used [0x00000000fb500000,0x00000000ff2fed88,0x00000000ffb00000)
  to   space 81408K, 0% used [0x00000000f6100000,0x00000000f6100000,0x00000000fb080000)
 ParOldGen       total 273920K, used 174531K [0x00000000a0000000, 0x00000000b0b80000, 0x00000000e0000000)
  object space 273920K, 63% used [0x00000000a0000000,0x00000000aaa70ea8,0x00000000b0b80000)
 Metaspace       used 100146K, capacity 106464K, committed 106544K, reserved 1142784K
  class space    used 12291K, capacity 13577K, committed 13616K, reserved 1048576K
Event: 9838.359 GC heap after
Heap after GC invocations=62 (full 5):
 PSYoungGen      total 442880K, used 23393K [0x00000000e0000000, 0x0000000100000000, 0x0000000100000000)
  eden space 361472K, 0% used [0x00000000e0000000,0x00000000e0000000,0x00000000f6100000)
  from space 81408K, 28% used [0x00000000f6100000,0x00000000f77d87d0,0x00000000fb080000)
  to   space 77312K, 0% used [0x00000000fb480000,0x00000000fb480000,0x0000000100000000)
 ParOldGen       total 273920K, used 174531K [0x00000000a0000000, 0x00000000b0b80000, 0x00000000e0000000)
  object space 273920K, 63% used [0x00000000a0000000,0x00000000aaa70ea8,0x00000000b0b80000)
 Metaspace       used 100146K, capacity 106464K, committed 106544K, reserved 1142784K
  class space    used 12291K, capacity 13577K, committed 13616K, reserved 1048576K
}
Event: 10282.049 GC heap before
{Heap before GC invocations=63 (full 5):
 PSYoungGen      total 442880K, used 384865K [0x00000000e0000000, 0x0000000100000000, 0x0000000100000000)
  eden space 361472K, 100% used [0x00000000e0000000,0x00000000f6100000,0x00000000f6100000)
  from space 81408K, 28% used [0x00000000f6100000,0x00000000f77d87d0,0x00000000fb080000)
  to   space 77312K, 0% used [0x00000000fb480000,0x00000000fb480000,0x0000000100000000)
 ParOldGen       total 273920K, used 174531K [0x00000000a0000000, 0x00000000b0b80000, 0x00000000e0000000)
  object space 273920K, 63% used [0x00000000a0000000,0x00000000aaa70ea8,0x00000000b0b80000)
 Metaspace       used 100801K, capacity 107256K, committed 107440K, reserved 1142784K
  class space    used 12355K, capacity 13645K, committed 13744K, reserved 1048576K
Event: 10282.067 GC heap after
Heap after GC invocations=63 (full 5):
 PSYoungGen      total 435712K, used 6843K [0x00000000e0000000, 0x00000000ff900000, 0x0000000100000000)
  eden space 365568K, 0% used [0x00000000e0000000,0x00000000e0000000,0x00000000f6500000)
  from space 70144K, 9% used [0x00000000fb480000,0x00000000fbb2edf0,0x00000000ff900000)
  to   space 75776K, 0% used [0x00000000f6500000,0x00000000f6500000,0x00000000faf00000)
 ParOldGen       total 273920K, used 174539K [0x00000000a0000000, 0x00000000b0b80000, 0x00000000e0000000)
  object space 273920K, 63% used [0x00000000a0000000,0x00000000aaa72ea8,0x00000000b0b80000)
 Metaspace       used 100801K, capacity 107256K, committed 107440K, reserved 1142784K
  class space    used 12355K, capacity 13645K, committed 13744K, reserved 1048576K
}
Event: 10310.427 GC heap before
{Heap before GC invocations=64 (full 5):
 PSYoungGen      total 435712K, used 372411K [0x00000000e0000000, 0x00000000ff900000, 0x0000000100000000)
  eden space 365568K, 100% used [0x00000000e0000000,0x00000000f6500000,0x00000000f6500000)
  from space 70144K, 9% used [0x00000000fb480000,0x00000000fbb2edf0,0x00000000ff900000)
  to   space 75776K, 0% used [0x00000000f6500000,0x00000000f6500000,0x00000000faf00000)
 ParOldGen       total 273920K, used 174539K [0x00000000a0000000, 0x00000000b0b80000, 0x00000000e0000000)
  object space 273920K, 63% used [0x00000000a0000000,0x00000000aaa72ea8,0x00000000b0b80000)
 Metaspace       used 101206K, capacity 107734K, committed 107952K, reserved 1142784K
  class space    used 12398K, capacity 13720K, committed 13744K, reserved 1048576K
Event: 10310.517 GC heap after
Heap after GC invocations=64 (full 5):
 PSYoungGen      total 441344K, used 46083K [0x00000000e0000000, 0x0000000100000000, 0x0000000100000000)
  eden space 365568K, 0% used [0x00000000e0000000,0x00000000e0000000,0x00000000f6500000)
  from space 75776K, 60% used [0x00000000f6500000,0x00000000f9200fa8,0x00000000faf00000)
  to   space 78336K, 0% used [0x00000000fb380000,0x00000000fb380000,0x0000000100000000)
 ParOldGen       total 273920K, used 174539K [0x00000000a0000000, 0x00000000b0b80000, 0x00000000e0000000)
  object space 273920K, 63% used [0x00000000a0000000,0x00000000aaa72ea8,0x00000000b0b80000)
 Metaspace       used 101206K, capacity 107734K, committed 107952K, reserved 1142784K
  class space    used 12398K, capacity 13720K, committed 13744K, reserved 1048576K
}
Event: 10339.322 GC heap before
{Heap before GC invocations=65 (full 5):
 PSYoungGen      total 441344K, used 411651K [0x00000000e0000000, 0x0000000100000000, 0x0000000100000000)
  eden space 365568K, 100% used [0x00000000e0000000,0x00000000f6500000,0x00000000f6500000)
  from space 75776K, 60% used [0x00000000f6500000,0x00000000f9200fa8,0x00000000faf00000)
  to   space 78336K, 0% used [0x00000000fb380000,0x00000000fb380000,0x0000000100000000)
 ParOldGen       total 273920K, used 174539K [0x00000000a0000000, 0x00000000b0b80000, 0x00000000e0000000)
  object space 273920K, 63% used [0x00000000a0000000,0x00000000aaa72ea8,0x00000000b0b80000)
 Metaspace       used 101621K, capacity 108168K, committed 108592K, reserved 1144832K
  class space    used 12435K, capacity 13755K, committed 13872K, reserved 1048576K

